2025-10-25 10:30:23 - caching.cache_manager - INFO - Cache directory initialized: /mnt/c/code/Personal/Semantic_DB_RAG/.cache
2025-10-25 10:30:23 - caching.cache_manager - INFO - Loading existing caches...
2025-10-25 10:30:23 - caching.cache_manager - INFO - Loaded cache from .cache/discovery_cache.pkl: 1 entries
2025-10-25 10:30:23 - caching.cache_manager - INFO - Loaded cache from .cache/semantic_cache.pkl: 1 entries
2025-10-25 10:30:23 - caching.cache_manager - INFO - Discovery cache entries: 1
2025-10-25 10:30:23 - caching.cache_manager - INFO - Semantic cache entries: 1
2025-10-25 10:30:23 - caching.cache_manager - INFO - Clearing all caches
2025-10-25 10:30:23 - caching.cache_manager - INFO - Deleted .cache/discovery_cache.pkl
2025-10-25 10:30:23 - caching.cache_manager - INFO - Deleted .cache/semantic_cache.pkl
2025-10-25 10:30:37 - caching.cache_manager - INFO - Cache directory initialized: /mnt/c/code/Personal/Semantic_DB_RAG/.cache
2025-10-25 10:30:37 - caching.cache_manager - INFO - Loading existing caches...
2025-10-25 10:30:37 - caching.cache_manager - INFO - No existing cache file: .cache/discovery_cache.pkl
2025-10-25 10:30:37 - caching.cache_manager - INFO - No existing cache file: .cache/semantic_cache.pkl
2025-10-25 10:30:37 - caching.cache_manager - INFO - Discovery cache entries: 0
2025-10-25 10:30:37 - caching.cache_manager - INFO - Semantic cache entries: 0
2025-10-25 10:30:37 - root - INFO - Loading discovery and model (will use cache if available)...
2025-10-25 10:30:37 - orchestration.pipeline - INFO - Connecting to database...
2025-10-25 10:30:37 - orchestration.pipeline - INFO - Database fingerprint: 00bcea3e08424449...
2025-10-25 10:30:37 - orchestration.pipeline - INFO - Checking discovery cache...
2025-10-25 10:30:37 - caching.cache_manager - INFO - Discovery cache miss
2025-10-25 10:30:37 - orchestration.pipeline - INFO - Running enhanced database discovery...
2025-10-25 10:30:37 - discovery.discovery_service - INFO - Phase 1: Reading database catalog...
2025-10-25 10:30:37 - discovery.catalog_reader - INFO - Found 22 schemas to process
2025-10-25 10:30:37 - discovery.catalog_reader - INFO - Processing schema 1/22: db_accessadmin
2025-10-25 10:30:37 - discovery.catalog_reader - INFO -   Found 0 tables/views before deduplication
2025-10-25 10:30:37 - discovery.catalog_reader - INFO -   Kept 0 tables/views after deduplication
2025-10-25 10:30:37 - discovery.catalog_reader - INFO -   Completed schema db_accessadmin: 0 tables processed
2025-10-25 10:30:37 - discovery.catalog_reader - INFO - Processing schema 2/22: db_backupoperator
2025-10-25 10:30:37 - discovery.catalog_reader - INFO -   Found 0 tables/views before deduplication
2025-10-25 10:30:37 - discovery.catalog_reader - INFO -   Kept 0 tables/views after deduplication
2025-10-25 10:30:37 - discovery.catalog_reader - INFO -   Completed schema db_backupoperator: 0 tables processed
2025-10-25 10:30:37 - discovery.catalog_reader - INFO - Processing schema 3/22: db_datareader
2025-10-25 10:30:37 - discovery.catalog_reader - INFO -   Found 0 tables/views before deduplication
2025-10-25 10:30:37 - discovery.catalog_reader - INFO -   Kept 0 tables/views after deduplication
2025-10-25 10:30:37 - discovery.catalog_reader - INFO -   Completed schema db_datareader: 0 tables processed
2025-10-25 10:30:37 - discovery.catalog_reader - INFO - Processing schema 4/22: db_datawriter
2025-10-25 10:30:37 - discovery.catalog_reader - INFO -   Found 0 tables/views before deduplication
2025-10-25 10:30:37 - discovery.catalog_reader - INFO -   Kept 0 tables/views after deduplication
2025-10-25 10:30:37 - discovery.catalog_reader - INFO -   Completed schema db_datawriter: 0 tables processed
2025-10-25 10:30:37 - discovery.catalog_reader - INFO - Processing schema 5/22: db_ddladmin
2025-10-25 10:30:37 - discovery.catalog_reader - INFO -   Found 0 tables/views before deduplication
2025-10-25 10:30:37 - discovery.catalog_reader - INFO -   Kept 0 tables/views after deduplication
2025-10-25 10:30:37 - discovery.catalog_reader - INFO -   Completed schema db_ddladmin: 0 tables processed
2025-10-25 10:30:37 - discovery.catalog_reader - INFO - Processing schema 6/22: db_denydatareader
2025-10-25 10:30:37 - discovery.catalog_reader - INFO -   Found 0 tables/views before deduplication
2025-10-25 10:30:37 - discovery.catalog_reader - INFO -   Kept 0 tables/views after deduplication
2025-10-25 10:30:37 - discovery.catalog_reader - INFO -   Completed schema db_denydatareader: 0 tables processed
2025-10-25 10:30:37 - discovery.catalog_reader - INFO - Processing schema 7/22: db_denydatawriter
2025-10-25 10:30:37 - discovery.catalog_reader - INFO -   Found 0 tables/views before deduplication
2025-10-25 10:30:37 - discovery.catalog_reader - INFO -   Kept 0 tables/views after deduplication
2025-10-25 10:30:37 - discovery.catalog_reader - INFO -   Completed schema db_denydatawriter: 0 tables processed
2025-10-25 10:30:37 - discovery.catalog_reader - INFO - Processing schema 8/22: db_owner
2025-10-25 10:30:37 - discovery.catalog_reader - INFO -   Found 0 tables/views before deduplication
2025-10-25 10:30:37 - discovery.catalog_reader - INFO -   Kept 0 tables/views after deduplication
2025-10-25 10:30:37 - discovery.catalog_reader - INFO -   Completed schema db_owner: 0 tables processed
2025-10-25 10:30:37 - discovery.catalog_reader - INFO - Processing schema 9/22: db_securityadmin
2025-10-25 10:30:37 - discovery.catalog_reader - INFO -   Found 0 tables/views before deduplication
2025-10-25 10:30:37 - discovery.catalog_reader - INFO -   Kept 0 tables/views after deduplication
2025-10-25 10:30:37 - discovery.catalog_reader - INFO -   Completed schema db_securityadmin: 0 tables processed
2025-10-25 10:30:37 - discovery.catalog_reader - INFO - Processing schema 10/22: dbo
2025-10-25 10:30:37 - discovery.catalog_reader - INFO -   Found 663 tables/views before deduplication
2025-10-25 10:30:43 - discovery.catalog_reader - INFO -   Kept 492 tables/views after deduplication
2025-10-25 10:30:50 - discovery.catalog_reader - INFO -   Limited to top 50 tables by row count
2025-10-25 10:30:52 - discovery.catalog_reader - INFO -     Processing table 10/50
2025-10-25 10:30:53 - discovery.catalog_reader - INFO -     Processing table 20/50
2025-10-25 10:30:54 - discovery.catalog_reader - INFO -     Processing table 30/50
2025-10-25 10:30:55 - discovery.catalog_reader - INFO -     Processing table 40/50
2025-10-25 10:30:55 - discovery.catalog_reader - INFO -     Processing table 50/50
2025-10-25 10:30:56 - discovery.catalog_reader - INFO -   Completed schema dbo: 50 tables processed
2025-10-25 10:30:56 - discovery.catalog_reader - INFO - Processing schema 11/22: DPS
2025-10-25 10:30:56 - discovery.catalog_reader - INFO -   Found 0 tables/views before deduplication
2025-10-25 10:30:56 - discovery.catalog_reader - INFO -   Kept 0 tables/views after deduplication
2025-10-25 10:30:56 - discovery.catalog_reader - INFO -   Completed schema DPS: 0 tables processed
2025-10-25 10:30:56 - discovery.catalog_reader - INFO - Processing schema 12/22: guest
2025-10-25 10:30:56 - discovery.catalog_reader - INFO -   Found 0 tables/views before deduplication
2025-10-25 10:30:56 - discovery.catalog_reader - INFO -   Kept 0 tables/views after deduplication
2025-10-25 10:30:56 - discovery.catalog_reader - INFO -   Completed schema guest: 0 tables processed
2025-10-25 10:30:56 - discovery.catalog_reader - INFO - Processing schema 13/22: HEADQUARTERS\atzifa
2025-10-25 10:30:56 - discovery.catalog_reader - INFO -   Found 0 tables/views before deduplication
2025-10-25 10:30:56 - discovery.catalog_reader - INFO -   Kept 0 tables/views after deduplication
2025-10-25 10:30:56 - discovery.catalog_reader - INFO -   Completed schema HEADQUARTERS\atzifa: 0 tables processed
2025-10-25 10:30:56 - discovery.catalog_reader - INFO - Processing schema 14/22: HEADQUARTERS\cstraitchof
2025-10-25 10:30:56 - discovery.catalog_reader - INFO -   Found 2 tables/views before deduplication
2025-10-25 10:30:56 - discovery.catalog_reader - INFO -   Kept 1 tables/views after deduplication
2025-10-25 10:30:56 - discovery.catalog_reader - INFO -   Completed schema HEADQUARTERS\cstraitchof: 1 tables processed
2025-10-25 10:30:56 - discovery.catalog_reader - INFO - Processing schema 15/22: HEADQUARTERS\kskarmoutsos
2025-10-25 10:30:56 - discovery.catalog_reader - INFO -   Found 0 tables/views before deduplication
2025-10-25 10:30:56 - discovery.catalog_reader - INFO -   Kept 0 tables/views after deduplication
2025-10-25 10:30:56 - discovery.catalog_reader - INFO -   Completed schema HEADQUARTERS\kskarmoutsos: 0 tables processed
2025-10-25 10:30:56 - discovery.catalog_reader - INFO - Processing schema 16/22: HEADQUARTERS\spitsaris
2025-10-25 10:30:56 - discovery.catalog_reader - INFO -   Found 3 tables/views before deduplication
2025-10-25 10:30:56 - discovery.catalog_reader - INFO -   Kept 2 tables/views after deduplication
2025-10-25 10:30:56 - discovery.catalog_reader - INFO -   Completed schema HEADQUARTERS\spitsaris: 2 tables processed
2025-10-25 10:30:56 - discovery.catalog_reader - INFO - Processing schema 17/22: HEADQUARTERS\svytinioti
2025-10-25 10:30:56 - discovery.catalog_reader - INFO -   Found 2 tables/views before deduplication
2025-10-25 10:30:56 - discovery.catalog_reader - INFO -   Kept 1 tables/views after deduplication
2025-10-25 10:30:56 - discovery.catalog_reader - INFO -   Completed schema HEADQUARTERS\svytinioti: 1 tables processed
2025-10-25 10:30:56 - discovery.catalog_reader - INFO - Processing schema 18/22: HEADQUARTERS\vkapetanakis
2025-10-25 10:30:56 - discovery.catalog_reader - INFO -   Found 0 tables/views before deduplication
2025-10-25 10:30:56 - discovery.catalog_reader - INFO -   Kept 0 tables/views after deduplication
2025-10-25 10:30:56 - discovery.catalog_reader - INFO -   Completed schema HEADQUARTERS\vkapetanakis: 0 tables processed
2025-10-25 10:30:56 - discovery.catalog_reader - INFO - Processing schema 19/22: INFORMATION_SCHEMA
2025-10-25 10:30:56 - discovery.catalog_reader - INFO -   Found 0 tables/views before deduplication
2025-10-25 10:30:56 - discovery.catalog_reader - INFO -   Kept 0 tables/views after deduplication
2025-10-25 10:30:56 - discovery.catalog_reader - INFO -   Completed schema INFORMATION_SCHEMA: 0 tables processed
2025-10-25 10:30:56 - discovery.catalog_reader - INFO - Processing schema 20/22: MigrationSteps
2025-10-25 10:30:56 - discovery.catalog_reader - INFO -   Found 8 tables/views before deduplication
2025-10-25 10:30:56 - discovery.catalog_reader - INFO -   Kept 7 tables/views after deduplication
2025-10-25 10:30:57 - discovery.catalog_reader - INFO -   Completed schema MigrationSteps: 7 tables processed
2025-10-25 10:30:57 - discovery.catalog_reader - INFO - Processing schema 21/22: TMP
2025-10-25 10:30:57 - discovery.catalog_reader - INFO -   Found 0 tables/views before deduplication
2025-10-25 10:30:57 - discovery.catalog_reader - INFO -   Kept 0 tables/views after deduplication
2025-10-25 10:30:57 - discovery.catalog_reader - INFO -   Completed schema TMP: 0 tables processed
2025-10-25 10:30:57 - discovery.catalog_reader - INFO - Processing schema 22/22: YPS
2025-10-25 10:30:57 - discovery.catalog_reader - INFO -   Found 0 tables/views before deduplication
2025-10-25 10:30:57 - discovery.catalog_reader - INFO -   Kept 0 tables/views after deduplication
2025-10-25 10:30:57 - discovery.catalog_reader - INFO -   Completed schema YPS: 0 tables processed
2025-10-25 10:30:57 - discovery.catalog_reader - INFO - Discovery complete: 5 schemas, 61 tables
2025-10-25 10:30:57 - discovery.discovery_service - INFO - Phase 2: Classifying and sampling columns...
2025-10-25 10:30:57 - discovery.column_sampler - INFO - Identified 734 columns to sample across all tables
2025-10-25 10:30:57 - discovery.column_sampler - INFO - Classified 734 columns by semantic role
2025-10-25 10:57:20 - discovery.column_sampler - INFO - Sampled 306 columns successfully
2025-10-25 10:57:20 - discovery.discovery_service - INFO - Phase 2.5: Reading RDL reports for business context...
2025-10-25 10:57:20 - discovery.discovery_service - INFO -   Parsing RDL: Absentees ( Monthly Report ).rdl
2025-10-25 10:57:20 - discovery.discovery_service - INFO -   Parsing RDL: Approved Συμβόλαια (weekly report).rdl
2025-10-25 10:57:20 - discovery.discovery_service - INFO -   Parsing RDL: CustomerConstraints-Συνοπτικά Επιχ Σημεία Ανά Καμπάνια.rdl
2025-10-25 10:57:20 - discovery.discovery_service - INFO -   Parsing RDL: Email-Κινητά Πελατολογίου.rdl
2025-10-25 10:57:20 - discovery.discovery_service - INFO -   Parsing RDL: Premise - Udacs Ανά Καμπάνια.rdl
2025-10-25 10:57:20 - discovery.discovery_service - INFO -   Parsing RDL: Premise - Επισκεψιμότητα Ανά Κύρια Δραστηριότητα Ανά Καμπάνια.rdl
2025-10-25 10:57:20 - discovery.discovery_service - INFO -   Parsing RDL: Premise - Επισκεψιμότητα Ανά Καμπάνια.rdl
2025-10-25 10:57:20 - discovery.discovery_service - INFO -   Parsing RDL: Premise - Ημερήσια Δραστηριότητα Ανά Καμπάνια.rdl
2025-10-25 10:57:20 - discovery.discovery_service - INFO -   Parsing RDL: Report Αναρτημένων Προβολών ανά Πελάτη - Κατηγορία.rdl
2025-10-25 10:57:20 - discovery.discovery_service - INFO -   Parsing RDL: Report Παρασκευής - Contracts Campaigns.rdl
2025-10-25 10:57:20 - discovery.discovery_service - INFO -   Parsing RDL: Report Παρασκευής - Online Contracts CreateDt.rdl
2025-10-25 10:57:20 - discovery.discovery_service - INFO -   Parsing RDL: Report Παρασκευής - Ανά Καμπάνια - Προβολή.rdl
2025-10-25 10:57:20 - discovery.discovery_service - INFO -   Parsing RDL: Report Πωλήσεων Bundle Προϊόντων.rdl
2025-10-25 10:57:20 - discovery.discovery_service - INFO -   Parsing RDL: Report Συμβολαίων - Online Contracts SignDate.rdl
2025-10-25 10:57:21 - discovery.discovery_service - INFO -   Parsing RDL: Website Contracts With Addons.rdl
2025-10-25 10:57:21 - discovery.discovery_service - INFO -   Parsing RDL: YPSOnline - Κρατήσεις Προϊόντων.rdl
2025-10-25 10:57:21 - discovery.discovery_service - INFO -   Parsing RDL: YPSOnline - Ραντεβού.rdl
2025-10-25 10:57:21 - discovery.discovery_service - INFO -   Parsing RDL: Αιτήματα CRM (offline).rdl
2025-10-25 10:57:21 - discovery.discovery_service - INFO -   Parsing RDL: Αιτήματα CRM (online).rdl
2025-10-25 10:57:21 - discovery.discovery_service - INFO -   Parsing RDL: Αναζητήσεις ανα περιοχή - v2018.rdl
2025-10-25 10:57:21 - discovery.discovery_service - INFO -   Parsing RDL: Αναλυτική Κατάσταση Συμβολαίων Ανά Καμπάνια.rdl
2025-10-25 10:57:21 - discovery.discovery_service - INFO -   Parsing RDL: Αναφορά Αιτημάτων Διόρθωσης Προβολής xo.gr V2.rdl
2025-10-25 10:57:21 - discovery.discovery_service - INFO -   Parsing RDL: Αναφορά Αιτημάτων Δωρεάν Καταχώρησης XO.gr V2.rdl
2025-10-25 10:57:21 - discovery.discovery_service - INFO -   Parsing RDL: Αναφορά Βάσης Δεδομένων - Επικαιροποιήσεις.rdl
2025-10-25 10:57:21 - discovery.discovery_service - INFO -   Parsing RDL: Αναφορά Επικαιροποίησης ΕΣ Συνεργαζόμενων Εταιρειών.rdl
2025-10-25 10:57:21 - discovery.discovery_service - INFO -   Parsing RDL: Αναφορά Συνδρομητικών Συμβολαίων.rdl
2025-10-25 10:57:21 - discovery.discovery_service - INFO -   Parsing RDL: Αποτελέσματα Κλήσεων ανά Καμπάνια Dialer.rdl
2025-10-25 10:57:21 - discovery.discovery_service - INFO -   Parsing RDL: Δείκτες Αποπληρωμής.rdl
2025-10-25 10:57:21 - discovery.discovery_service - INFO -   Parsing RDL: Δεδομένα εφαρμογής [Διαχείριση ΕργατοΗμερών Πωλητών ανα Καμπάνια].rdl
2025-10-25 10:57:21 - discovery.discovery_service - INFO -   Parsing RDL: Διαχείριση Αιτημάτων CRM από Παραγωγή.rdl
2025-10-25 10:57:21 - discovery.discovery_service - INFO -   Parsing RDL: Εισερχόμενα Εξερχόμενα Συμβόλαια από Back Office.rdl
2025-10-25 10:57:21 - discovery.discovery_service - INFO -   Parsing RDL: Εκκρεμότητες Παραγωγής.rdl
2025-10-25 10:57:21 - discovery.discovery_service - INFO -   Parsing RDL: Εκκρεμότητες Ρόλων Παραγωγής.rdl
2025-10-25 10:57:21 - discovery.discovery_service - INFO -   Parsing RDL: Εκκρεμείς Προβολές Ανά Μέσο-Κύκλο.rdl
2025-10-25 10:57:21 - discovery.discovery_service - INFO -   Parsing RDL: Ενημέρωση YPS βάση αποτελέσματος κλήσης Tele Sales.rdl
2025-10-25 10:57:21 - discovery.discovery_service - INFO -   Parsing RDL: Εξοδολόγια.rdl
2025-10-25 10:57:21 - discovery.discovery_service - INFO -   Parsing RDL: Επιχειρησιακά Σημεία ανά Δραστηριότητα.rdl
2025-10-25 10:57:21 - discovery.discovery_service - INFO -   Parsing RDL: Επιχειρησιακά Σημεία με Customer Constraints - Επιχειρησιακά Σημεία  ανά Προέλευση.rdl
2025-10-25 10:57:21 - discovery.discovery_service - INFO -   Parsing RDL: Ιστορικό Αναθέσης πελατών σε πωλήσεις.rdl
2025-10-25 10:57:21 - discovery.discovery_service - INFO -   Parsing RDL: Ιστορικό Συμβολαίου.rdl
2025-10-25 10:57:21 - discovery.discovery_service - INFO -   Parsing RDL: Καρτέλα Επικαιροποίησης Πελάτη.rdl
2025-10-25 10:57:21 - discovery.discovery_service - INFO -   Parsing RDL: Κατάσταση Προβολών Ανά Μέσο-Κύκλο.rdl
2025-10-25 10:57:21 - discovery.discovery_service - INFO -   Parsing RDL: Καταγραφή Εκκρεμοτήτων - Συμβόλαια ανα Status.rdl
2025-10-25 10:57:21 - discovery.discovery_service - INFO -   Parsing RDL: Κατανομή Κατασκευής Προβολών σε Χρονικά Διαστήματα.rdl
2025-10-25 10:57:21 - discovery.discovery_service - INFO -   Parsing RDL: Ολοκληρωμένα Website.rdl
2025-10-25 10:57:21 - discovery.discovery_service - INFO -   Parsing RDL: Ολοκληρωμένα Πακέτα Google Ads.rdl
2025-10-25 10:57:21 - discovery.discovery_service - INFO -   Parsing RDL: Ολοκληρωμένα Προιόντα WebServices.rdl
2025-10-25 10:57:21 - discovery.discovery_service - INFO -   Parsing RDL: Ολοκληρωμένες Προβολές ανά Κατηγορία.rdl
2025-10-25 10:57:21 - discovery.discovery_service - INFO -   Parsing RDL: Ολοκληρωμένες Προβολές ανα Μέσο.rdl
2025-10-25 10:57:21 - discovery.discovery_service - INFO -   Parsing RDL: Πανελλαδικές Αναζητήσεις - v2018.rdl
2025-10-25 10:57:21 - discovery.discovery_service - INFO -   Parsing RDL: Παραγωγικότητα ΔΒ.rdl
2025-10-25 10:57:21 - discovery.discovery_service - INFO -   Parsing RDL: Παραγωγικότητα Παραγωγής Ανά Ρόλο.rdl
2025-10-25 10:57:21 - discovery.discovery_service - INFO -   Parsing RDL: Παραγωγικότητα Παραγωγής.rdl
2025-10-25 10:57:21 - discovery.discovery_service - INFO -   Parsing RDL: Παρακολούθηση Leads - Dashboard.rdl
2025-10-25 10:57:21 - discovery.discovery_service - INFO -   Parsing RDL: Παρακολούθηση Leads.rdl
2025-10-25 10:57:21 - discovery.discovery_service - INFO -   Parsing RDL: Παρακολούθηση αποστολής στατιστικών ανα μήνα και τύπο μέσου.rdl
2025-10-25 10:57:21 - discovery.discovery_service - INFO -   Parsing RDL: Παρακολούθηση εκπτώσεων ανά καμπάνια.rdl
2025-10-25 10:57:21 - discovery.discovery_service - INFO -   Parsing RDL: Παρακολούθηση Κατάστασης Φυσικών Συμβολαίων.rdl
2025-10-25 10:57:21 - discovery.discovery_service - INFO -   Parsing RDL: Παρακολούθηση στόχων ανά segment.rdl
2025-10-25 10:57:21 - discovery.discovery_service - INFO -   Parsing RDL: Παρακολούθηση Συμβολαίων Παραγωγής Ανά Ημέρα   Εισαγωγές-Επιστροφές.rdl
2025-10-25 10:57:21 - discovery.discovery_service - INFO -   Parsing RDL: Πελάτες με Google Adwords.rdl
2025-10-25 10:57:21 - discovery.discovery_service - INFO -   Parsing RDL: Πλήθος Udac ανα Βιβλίο και Κύκλο Έκδοσης.rdl
2025-10-25 10:57:21 - discovery.discovery_service - INFO -   Parsing RDL: Πληρωμένες προβολές ανά μέσο-έκδοση.rdl
2025-10-25 10:57:21 - discovery.discovery_service - INFO -   Parsing RDL: Προβολές με Λάθος ή Κενό Video URL.rdl
2025-10-25 10:57:21 - discovery.discovery_service - INFO -   Parsing RDL: Προιόντα Συμβολαίων ανά Μέσο-Κύκλο-Section.rdl
2025-10-25 10:57:21 - discovery.discovery_service - INFO -   Parsing RDL: Σύνθετη αναφορά παρακολούθησης Εξοφλήσεων - Προκαταβολών.rdl
2025-10-25 10:57:21 - discovery.discovery_service - INFO -   Parsing RDL: Σύστημα Διαχείρισης Παράδοσης Συμβολαίων - Κατανομή Ραντεβού.rdl
2025-10-25 10:57:21 - discovery.discovery_service - INFO -   Parsing RDL: Σύστημα Διαχείρισης Παράδοσης Συμβολαίων - Παρακολούθηση Συμβολαίων.rdl
2025-10-25 10:57:21 - discovery.discovery_service - INFO -   Parsing RDL: Σύστημα Διαχείρισης Παράδοσης Συμβολαίων - Προμήθειες Εισπρακτόρων.rdl
2025-10-25 10:57:21 - discovery.discovery_service - INFO -   Parsing RDL: Στατιστικά Online.rdl
2025-10-25 10:57:21 - discovery.discovery_service - INFO -   Parsing RDL: Στατιστικά Επιχειρησιακών Σημείων.rdl
2025-10-25 10:57:21 - discovery.discovery_service - INFO -   Parsing RDL: Στατιστικά Πελατών - Συμβόλαια με Internet προιόντα.rdl
2025-10-25 10:57:21 - discovery.discovery_service - INFO -   Parsing RDL: Στατιστικά Στοιχεία Απόδοσης AdPremium Position.rdl
2025-10-25 10:57:21 - discovery.discovery_service - INFO -   Parsing RDL: Στοιχεία Πελατών για Διανομή.rdl
2025-10-25 10:57:21 - discovery.discovery_service - INFO -   Parsing RDL: Συγκεντρωτική Αντιπαραβολή Συμβάσεων YPS- ERP.rdl
2025-10-25 10:57:21 - discovery.discovery_service - INFO -   Parsing RDL: Συγκεντρωτική Κατάσταση Συμβολαίων Ανά Καμπάνια.rdl
2025-10-25 10:57:21 - discovery.discovery_service - INFO -   Parsing RDL: Συγκεντρωτικό Αρχείο με Google Ads.rdl
2025-10-25 10:57:21 - discovery.discovery_service - INFO -   Parsing RDL: Συμβόλαια - Ε.Σ. - Άνευ Email- Συνολικό.rdl
2025-10-25 10:57:21 - discovery.discovery_service - INFO -   Parsing RDL: Συμβόλαια - Ε.Σ. - Άνευ Κινητο - Email - Στατιστική Παρουσίαση.rdl
2025-10-25 10:57:21 - discovery.discovery_service - INFO -   Parsing RDL: Συμβόλαια - Ε.Σ. - Άνευ Κινητού - Συνολικό.rdl
2025-10-25 10:57:21 - discovery.discovery_service - INFO -   Parsing RDL: Συμβόλαια Franchise - Πελάτες προς τιμολόγηση.rdl
2025-10-25 10:57:21 - discovery.discovery_service - INFO -   Parsing RDL: Συμβόλαια ανά Τρόπο Πληρωμής.rdl
2025-10-25 10:57:21 - discovery.discovery_service - INFO -   Parsing RDL: Συμβόλαια Ανα Έτος.rdl
2025-10-25 10:57:21 - discovery.discovery_service - INFO -   Parsing RDL: Συμβόλαια για υποβολή ΔΟΥ.rdl
2025-10-25 10:57:21 - discovery.discovery_service - INFO -   Parsing RDL: Συμβόλαια με Web Προϊόντα - Τελευταίο Βήμα.rdl
2025-10-25 10:57:21 - discovery.discovery_service - INFO -   Parsing RDL: Συμβόλαια με Web Προϊόντα και Free Web Link.rdl
2025-10-25 10:57:21 - discovery.discovery_service - INFO -   Parsing RDL: Συμβόλαια με Παράκαμψη Εταιρικών Πολιτικών Ανά Καμπάνια.rdl
2025-10-25 10:57:21 - discovery.discovery_service - INFO -   Parsing RDL: Συμβόλαια με προιόντα Internet.rdl
2025-10-25 10:57:21 - discovery.discovery_service - INFO -   Parsing RDL: Συμβόλαια με Τρόπο Αποστολής - Ταχυδρομείο.rdl
2025-10-25 10:57:21 - discovery.discovery_service - INFO -   Parsing RDL: Συμβόλαια με Τρόπο Πληρωμής Πιστωτική Κάρτα.rdl
2025-10-25 10:57:21 - discovery.discovery_service - INFO -   Parsing RDL: Συνοπτική Παρουσίαση Βάσης - Λίστα Μητρώου 11.rdl
2025-10-25 10:57:21 - discovery.discovery_service - INFO -   Parsing RDL: Τζίρος ανά καμπάνια-κανάλι πληρωμής.rdl
2025-10-25 10:57:21 - discovery.discovery_service - INFO -   Parsing RDL: Τζίρος ανά μήνα-καμπάνια-κανάλι πληρωμής.rdl
2025-10-25 10:57:21 - discovery.discovery_service - INFO -   Parsing RDL: Φερεγγυότητα Πελατών.rdl
2025-10-25 10:57:21 - discovery.discovery_service - INFO -   Parsing RDL: Χρόνοι Διαχείρισης Lead.rdl
2025-10-25 10:57:21 - discovery.discovery_service - INFO -   Parsed 95 RDL reports
2025-10-25 10:57:21 - discovery.discovery_service - INFO - Phase 3: Compressing discovery data...
2025-10-25 10:57:21 - discovery.discovery_compressor - INFO - Compressed 61 tables
2025-10-25 10:57:21 - discovery.discovery_compressor - INFO - Created 740 natural language mappings
2025-10-25 10:57:21 - discovery.discovery_compressor - INFO - Classified 734 columns
2025-10-25 10:57:21 - orchestration.pipeline - INFO - Saving discovery to cache...
2025-10-25 10:57:21 - caching.cache_manager - INFO - Caching discovery data: 00bcea3e08424449...
2025-10-25 10:57:21 - caching.cache_manager - INFO - Saved cache to .cache/discovery_cache.pkl: 1 entries, 1,192,445 bytes
2025-10-25 10:57:21 - orchestration.pipeline - INFO - Discovery complete: 61 tables
2025-10-25 10:57:21 - orchestration.pipeline - INFO -   - 734 columns classified
2025-10-25 10:57:21 - orchestration.pipeline - INFO -   - 740 NL mappings
2025-10-25 10:57:21 - orchestration.pipeline - INFO - Semantic model fingerprint: 00bcea3e08424449...
2025-10-25 10:57:21 - orchestration.pipeline - INFO - Checking semantic model cache...
2025-10-25 10:57:21 - caching.cache_manager - INFO - Semantic model cache miss
2025-10-25 10:57:21 - orchestration.pipeline - INFO - Creating semantic model via incremental approach...
2025-10-25 10:57:21 - modeling.incremental_modeler - INFO - === PHASE 1: TABLE CLASSIFICATION ===
2025-10-25 10:57:21 - modeling.incremental_modeler - INFO -   Classifying 61 tables...
2025-10-25 10:58:41 - modeling.incremental_modeler - INFO -     Progress: 20/61 tables classified
2025-10-25 10:59:49 - modeling.incremental_modeler - INFO -     Progress: 40/61 tables classified
2025-10-25 11:01:06 - modeling.incremental_modeler - INFO -     Progress: 60/61 tables classified
2025-10-25 11:01:13 - modeling.incremental_modeler - INFO -   Classified 61 tables
2025-10-25 11:01:13 - modeling.incremental_modeler - INFO - === PHASE 2: MEASURE IDENTIFICATION ===
2025-10-25 11:01:13 - modeling.incremental_modeler - INFO -   Identifying measures for 29 fact tables...
2025-10-25 11:03:47 - modeling.incremental_modeler - INFO -     Progress: 10/29 facts processed
2025-10-25 11:06:53 - modeling.phases.measure_identifier - WARNING - Failed to identify measures for dbo.ContractProduct, using defaults
